0 verbose cli /var/lang/bin/node /var/lang/lib/node_modules/npm/bin/npm-cli.js
1 info using npm@10.8.2
2 info using node@v18.20.8
3 silly config load:file:/var/lang/lib/node_modules/npm/npmrc
4 silly config load:file:/asset-input/.npmrc
5 silly config load:file:/var/lang/etc/npmrc
6 verbose title npm exec esbuild nodejs/utils.ts --bundle --platform=node --outfile=/asset-output/nodejs/utils.js
7 verbose argv "exec" "--" "esbuild" "nodejs/utils.ts" "--bundle" "--platform=node" "--outfile=/asset-output/nodejs/utils.js"
8 verbose logfile logs-max:10 dir:/asset-input/.npm/_logs/2026-03-12T10_56_47_719Z-
9 verbose logfile /asset-input/.npm/_logs/2026-03-12T10_56_47_719Z-debug-0.log
10 silly logfile done cleaning log files
11 silly packumentCache heap:1946681344 maxSize:486670336 maxEntrySize:243335168
12 http fetch GET 200 https://registry.npmjs.org/esbuild 173ms (cache revalidated)
13 silly packumentCache heap:1946681344 maxSize:486670336 maxEntrySize:243335168
14 silly packumentCache heap:1946681344 maxSize:486670336 maxEntrySize:243335168
15 verbose cwd /asset-input
16 verbose os Linux 6.11.3-200.fc40.aarch64
17 verbose node v18.20.8
18 verbose npm  v10.8.2
19 verbose exit 0
20 info ok
