0 verbose cli /var/lang/bin/node /var/lang/lib/node_modules/npm/bin/npm-cli.js
1 info using npm@10.8.2
2 info using node@v18.20.8
3 silly config load:file:/var/lang/lib/node_modules/npm/npmrc
4 silly config load:file:/asset-input/.npmrc
5 silly config load:file:/var/lang/etc/npmrc
6 verbose title npm exec esbuild nodejs/utils.ts --bundle --platform=node --outfile=/asset-output/nodejs/utils.js
7 verbose argv "exec" "--" "esbuild" "nodejs/utils.ts" "--bundle" "--platform=node" "--outfile=/asset-output/nodejs/utils.js"
8 verbose logfile logs-max:10 dir:/asset-input/.npm/_logs/2026-03-13T11_08_16_189Z-
9 verbose logfile /asset-input/.npm/_logs/2026-03-13T11_08_16_189Z-debug-0.log
10 silly logfile done cleaning log files
11 silly packumentCache heap:1946681344 maxSize:486670336 maxEntrySize:243335168
12 http fetch GET 200 https://registry.npmjs.org/esbuild 193ms (cache updated)
13 silly packumentCache heap:1946681344 maxSize:486670336 maxEntrySize:243335168
14 silly packumentCache heap:1946681344 maxSize:486670336 maxEntrySize:243335168
15 warn exec The following package was not found and will be installed: esbuild@0.27.4
16 silly idealTree buildDeps
17 silly fetch manifest esbuild@0.27.4
18 silly packumentCache full:https://registry.npmjs.org/esbuild cache-miss
19 http fetch GET 200 https://registry.npmjs.org/esbuild 61ms (cache updated)
20 silly packumentCache full:https://registry.npmjs.org/esbuild set size:undefined disposed:false
21 silly placeDep ROOT esbuild@0.27.4 REPLACE for:  want: 0.27.4
22 silly fetch manifest @esbuild/aix-ppc64@0.27.4
23 silly packumentCache full:https://registry.npmjs.org/@esbuild%2faix-ppc64 cache-miss
24 silly fetch manifest @esbuild/android-arm@0.27.4
25 silly packumentCache full:https://registry.npmjs.org/@esbuild%2fandroid-arm cache-miss
26 silly fetch manifest @esbuild/android-arm64@0.27.4
27 silly packumentCache full:https://registry.npmjs.org/@esbuild%2fandroid-arm64 cache-miss
28 silly fetch manifest @esbuild/android-x64@0.27.4
29 silly packumentCache full:https://registry.npmjs.org/@esbuild%2fandroid-x64 cache-miss
30 silly fetch manifest @esbuild/darwin-arm64@0.27.4
31 silly packumentCache full:https://registry.npmjs.org/@esbuild%2fdarwin-arm64 cache-miss
32 http fetch GET 200 https://registry.npmjs.org/@esbuild%2faix-ppc64 48ms (cache updated)
33 silly packumentCache full:https://registry.npmjs.org/@esbuild%2faix-ppc64 set size:undefined disposed:false
34 silly fetch manifest @esbuild/darwin-x64@0.27.4
35 silly packumentCache full:https://registry.npmjs.org/@esbuild%2fdarwin-x64 cache-miss
36 http fetch GET 200 https://registry.npmjs.org/@esbuild%2fdarwin-x64 150ms (cache updated)
37 silly packumentCache full:https://registry.npmjs.org/@esbuild%2fdarwin-x64 set size:undefined disposed:false
38 silly fetch manifest @esbuild/freebsd-arm64@0.27.4
39 silly packumentCache full:https://registry.npmjs.org/@esbuild%2ffreebsd-arm64 cache-miss
40 http fetch GET 200 https://registry.npmjs.org/@esbuild%2fandroid-arm64 212ms (cache updated)
41 silly packumentCache full:https://registry.npmjs.org/@esbuild%2fandroid-arm64 set size:undefined disposed:false
42 silly fetch manifest @esbuild/freebsd-x64@0.27.4
43 silly packumentCache full:https://registry.npmjs.org/@esbuild%2ffreebsd-x64 cache-miss
44 http fetch GET 200 https://registry.npmjs.org/@esbuild%2fdarwin-arm64 214ms (cache updated)
45 silly packumentCache full:https://registry.npmjs.org/@esbuild%2fdarwin-arm64 set size:undefined disposed:false
46 silly fetch manifest @esbuild/linux-arm@0.27.4
47 silly packumentCache full:https://registry.npmjs.org/@esbuild%2flinux-arm cache-miss
48 http fetch GET 200 https://registry.npmjs.org/@esbuild%2fandroid-arm 218ms (cache updated)
49 silly packumentCache full:https://registry.npmjs.org/@esbuild%2fandroid-arm set size:undefined disposed:false
50 silly fetch manifest @esbuild/linux-arm64@0.27.4
51 silly packumentCache full:https://registry.npmjs.org/@esbuild%2flinux-arm64 cache-miss
52 http fetch GET 200 https://registry.npmjs.org/@esbuild%2fandroid-x64 223ms (cache updated)
53 silly packumentCache full:https://registry.npmjs.org/@esbuild%2fandroid-x64 set size:undefined disposed:false
54 silly fetch manifest @esbuild/linux-ia32@0.27.4
55 silly packumentCache full:https://registry.npmjs.org/@esbuild%2flinux-ia32 cache-miss
56 http fetch GET 200 https://registry.npmjs.org/@esbuild%2ffreebsd-arm64 58ms (cache updated)
57 silly packumentCache full:https://registry.npmjs.org/@esbuild%2ffreebsd-arm64 set size:undefined disposed:false
58 silly fetch manifest @esbuild/linux-loong64@0.27.4
59 silly packumentCache full:https://registry.npmjs.org/@esbuild%2flinux-loong64 cache-miss
60 http fetch GET 200 https://registry.npmjs.org/@esbuild%2flinux-arm 54ms (cache updated)
61 silly packumentCache full:https://registry.npmjs.org/@esbuild%2flinux-arm set size:undefined disposed:false
62 silly fetch manifest @esbuild/linux-mips64el@0.27.4
63 silly packumentCache full:https://registry.npmjs.org/@esbuild%2flinux-mips64el cache-miss
64 http fetch GET 200 https://registry.npmjs.org/@esbuild%2flinux-arm64 52ms (cache updated)
65 silly packumentCache full:https://registry.npmjs.org/@esbuild%2flinux-arm64 set size:undefined disposed:false
66 silly fetch manifest @esbuild/linux-ppc64@0.27.4
67 silly packumentCache full:https://registry.npmjs.org/@esbuild%2flinux-ppc64 cache-miss
68 http fetch GET 200 https://registry.npmjs.org/@esbuild%2ffreebsd-x64 66ms (cache updated)
69 silly packumentCache full:https://registry.npmjs.org/@esbuild%2ffreebsd-x64 set size:undefined disposed:false
70 silly fetch manifest @esbuild/linux-riscv64@0.27.4
71 silly packumentCache full:https://registry.npmjs.org/@esbuild%2flinux-riscv64 cache-miss
72 http fetch GET 200 https://registry.npmjs.org/@esbuild%2flinux-ia32 66ms (cache updated)
73 silly packumentCache full:https://registry.npmjs.org/@esbuild%2flinux-ia32 set size:undefined disposed:false
74 silly fetch manifest @esbuild/linux-s390x@0.27.4
75 silly packumentCache full:https://registry.npmjs.org/@esbuild%2flinux-s390x cache-miss
76 http fetch GET 200 https://registry.npmjs.org/@esbuild%2flinux-loong64 49ms (cache updated)
77 silly packumentCache full:https://registry.npmjs.org/@esbuild%2flinux-loong64 set size:undefined disposed:false
78 silly fetch manifest @esbuild/linux-x64@0.27.4
79 silly packumentCache full:https://registry.npmjs.org/@esbuild%2flinux-x64 cache-miss
80 http fetch GET 200 https://registry.npmjs.org/@esbuild%2flinux-mips64el 52ms (cache updated)
81 silly packumentCache full:https://registry.npmjs.org/@esbuild%2flinux-mips64el set size:undefined disposed:false
82 silly fetch manifest @esbuild/netbsd-arm64@0.27.4
83 silly packumentCache full:https://registry.npmjs.org/@esbuild%2fnetbsd-arm64 cache-miss
84 http fetch GET 200 https://registry.npmjs.org/@esbuild%2flinux-ppc64 51ms (cache updated)
85 silly packumentCache full:https://registry.npmjs.org/@esbuild%2flinux-ppc64 set size:undefined disposed:false
86 silly fetch manifest @esbuild/netbsd-x64@0.27.4
87 silly packumentCache full:https://registry.npmjs.org/@esbuild%2fnetbsd-x64 cache-miss
88 http fetch GET 200 https://registry.npmjs.org/@esbuild%2flinux-riscv64 55ms (cache updated)
89 silly packumentCache full:https://registry.npmjs.org/@esbuild%2flinux-riscv64 set size:undefined disposed:false
90 silly fetch manifest @esbuild/openbsd-arm64@0.27.4
91 silly packumentCache full:https://registry.npmjs.org/@esbuild%2fopenbsd-arm64 cache-miss
92 http fetch GET 200 https://registry.npmjs.org/@esbuild%2flinux-x64 46ms (cache updated)
93 silly packumentCache full:https://registry.npmjs.org/@esbuild%2flinux-x64 set size:undefined disposed:false
94 silly fetch manifest @esbuild/openbsd-x64@0.27.4
95 silly packumentCache full:https://registry.npmjs.org/@esbuild%2fopenbsd-x64 cache-miss
96 http fetch GET 200 https://registry.npmjs.org/@esbuild%2flinux-s390x 76ms (cache updated)
97 silly packumentCache full:https://registry.npmjs.org/@esbuild%2flinux-s390x set size:undefined disposed:false
98 silly fetch manifest @esbuild/openharmony-arm64@0.27.4
99 silly packumentCache full:https://registry.npmjs.org/@esbuild%2fopenharmony-arm64 cache-miss
100 http fetch GET 200 https://registry.npmjs.org/@esbuild%2fnetbsd-arm64 52ms (cache updated)
101 silly packumentCache full:https://registry.npmjs.org/@esbuild%2fnetbsd-arm64 set size:undefined disposed:false
102 silly fetch manifest @esbuild/sunos-x64@0.27.4
103 silly packumentCache full:https://registry.npmjs.org/@esbuild%2fsunos-x64 cache-miss
104 http fetch GET 200 https://registry.npmjs.org/@esbuild%2fnetbsd-x64 55ms (cache updated)
105 silly packumentCache full:https://registry.npmjs.org/@esbuild%2fnetbsd-x64 set size:undefined disposed:false
106 silly fetch manifest @esbuild/win32-arm64@0.27.4
107 silly packumentCache full:https://registry.npmjs.org/@esbuild%2fwin32-arm64 cache-miss
108 http fetch GET 200 https://registry.npmjs.org/@esbuild%2fopenbsd-arm64 50ms (cache updated)
109 silly packumentCache full:https://registry.npmjs.org/@esbuild%2fopenbsd-arm64 set size:undefined disposed:false
110 silly fetch manifest @esbuild/win32-ia32@0.27.4
111 silly packumentCache full:https://registry.npmjs.org/@esbuild%2fwin32-ia32 cache-miss
112 http fetch GET 200 https://registry.npmjs.org/@esbuild%2fopenbsd-x64 40ms (cache updated)
113 silly packumentCache full:https://registry.npmjs.org/@esbuild%2fopenbsd-x64 set size:undefined disposed:false
114 silly fetch manifest @esbuild/win32-x64@0.27.4
115 silly packumentCache full:https://registry.npmjs.org/@esbuild%2fwin32-x64 cache-miss
116 http fetch GET 200 https://registry.npmjs.org/@esbuild%2fwin32-arm64 50ms (cache updated)
117 silly packumentCache full:https://registry.npmjs.org/@esbuild%2fwin32-arm64 set size:undefined disposed:false
118 http fetch GET 200 https://registry.npmjs.org/@esbuild%2fsunos-x64 58ms (cache updated)
119 silly packumentCache full:https://registry.npmjs.org/@esbuild%2fsunos-x64 set size:undefined disposed:false
120 http fetch GET 200 https://registry.npmjs.org/@esbuild%2fwin32-ia32 57ms (cache updated)
121 silly packumentCache full:https://registry.npmjs.org/@esbuild%2fwin32-ia32 set size:undefined disposed:false
122 http fetch GET 200 https://registry.npmjs.org/@esbuild%2fwin32-x64 49ms (cache updated)
123 silly packumentCache full:https://registry.npmjs.org/@esbuild%2fwin32-x64 set size:undefined disposed:false
124 http fetch GET 200 https://registry.npmjs.org/@esbuild%2fopenharmony-arm64 99ms (cache updated)
125 silly packumentCache full:https://registry.npmjs.org/@esbuild%2fopenharmony-arm64 set size:undefined disposed:false
126 silly placeDep ROOT @esbuild/aix-ppc64@0.27.4 OK for: esbuild@0.27.4 want: 0.27.4
127 silly placeDep ROOT @esbuild/android-arm@0.27.4 OK for: esbuild@0.27.4 want: 0.27.4
128 silly placeDep ROOT @esbuild/android-arm64@0.27.4 OK for: esbuild@0.27.4 want: 0.27.4
129 silly placeDep ROOT @esbuild/android-x64@0.27.4 OK for: esbuild@0.27.4 want: 0.27.4
130 silly placeDep ROOT @esbuild/darwin-arm64@0.27.4 OK for: esbuild@0.27.4 want: 0.27.4
131 silly placeDep ROOT @esbuild/darwin-x64@0.27.4 OK for: esbuild@0.27.4 want: 0.27.4
132 silly placeDep ROOT @esbuild/freebsd-arm64@0.27.4 OK for: esbuild@0.27.4 want: 0.27.4
133 silly placeDep ROOT @esbuild/freebsd-x64@0.27.4 OK for: esbuild@0.27.4 want: 0.27.4
134 silly placeDep ROOT @esbuild/linux-arm@0.27.4 OK for: esbuild@0.27.4 want: 0.27.4
135 silly placeDep ROOT @esbuild/linux-arm64@0.27.4 OK for: esbuild@0.27.4 want: 0.27.4
136 silly placeDep ROOT @esbuild/linux-ia32@0.27.4 OK for: esbuild@0.27.4 want: 0.27.4
137 silly placeDep ROOT @esbuild/linux-loong64@0.27.4 OK for: esbuild@0.27.4 want: 0.27.4
138 silly placeDep ROOT @esbuild/linux-mips64el@0.27.4 OK for: esbuild@0.27.4 want: 0.27.4
139 silly placeDep ROOT @esbuild/linux-ppc64@0.27.4 OK for: esbuild@0.27.4 want: 0.27.4
140 silly placeDep ROOT @esbuild/linux-riscv64@0.27.4 OK for: esbuild@0.27.4 want: 0.27.4
141 silly placeDep ROOT @esbuild/linux-s390x@0.27.4 OK for: esbuild@0.27.4 want: 0.27.4
142 silly placeDep ROOT @esbuild/linux-x64@0.27.4 OK for: esbuild@0.27.4 want: 0.27.4
143 silly placeDep ROOT @esbuild/netbsd-arm64@0.27.4 OK for: esbuild@0.27.4 want: 0.27.4
144 silly placeDep ROOT @esbuild/netbsd-x64@0.27.4 OK for: esbuild@0.27.4 want: 0.27.4
145 silly placeDep ROOT @esbuild/openbsd-arm64@0.27.4 OK for: esbuild@0.27.4 want: 0.27.4
146 silly placeDep ROOT @esbuild/openbsd-x64@0.27.4 OK for: esbuild@0.27.4 want: 0.27.4
147 silly placeDep ROOT @esbuild/openharmony-arm64@0.27.4 OK for: esbuild@0.27.4 want: 0.27.4
148 silly placeDep ROOT @esbuild/sunos-x64@0.27.4 OK for: esbuild@0.27.4 want: 0.27.4
149 silly placeDep ROOT @esbuild/win32-arm64@0.27.4 OK for: esbuild@0.27.4 want: 0.27.4
150 silly placeDep ROOT @esbuild/win32-ia32@0.27.4 OK for: esbuild@0.27.4 want: 0.27.4
151 silly placeDep ROOT @esbuild/win32-x64@0.27.4 OK for: esbuild@0.27.4 want: 0.27.4
152 silly reify mark retired [
152 silly reify   '/asset-input/.npm/_npx/beb367dfa21eb3f5/node_modules/@esbuild/linux-arm64'
152 silly reify ]
153 silly reify mark retired [
153 silly reify   '/asset-input/.npm/_npx/beb367dfa21eb3f5/node_modules/esbuild',
153 silly reify   '/asset-input/.npm/_npx/beb367dfa21eb3f5/node_modules/.bin/esbuild'
153 silly reify ]
154 silly reify moves {
154 silly reify   '/asset-input/.npm/_npx/beb367dfa21eb3f5/node_modules/@esbuild/linux-arm64': '/asset-input/.npm/_npx/beb367dfa21eb3f5/node_modules/@esbuild/.linux-arm64-fGzRmGCe',
154 silly reify   '/asset-input/.npm/_npx/beb367dfa21eb3f5/node_modules/esbuild': '/asset-input/.npm/_npx/beb367dfa21eb3f5/node_modules/.esbuild-hg9aqZtX',
154 silly reify   '/asset-input/.npm/_npx/beb367dfa21eb3f5/node_modules/.bin/esbuild': '/asset-input/.npm/_npx/beb367dfa21eb3f5/node_modules/.bin/.esbuild-SOSqU45u'
154 silly reify }
155 silly audit bulk request {
155 silly audit   esbuild: [ '0.27.4' ],
155 silly audit   '@esbuild/aix-ppc64': [ '0.27.4' ],
155 silly audit   '@esbuild/android-arm': [ '0.27.4' ],
155 silly audit   '@esbuild/android-arm64': [ '0.27.4' ],
155 silly audit   '@esbuild/android-x64': [ '0.27.4' ],
155 silly audit   '@esbuild/darwin-arm64': [ '0.27.4' ],
155 silly audit   '@esbuild/darwin-x64': [ '0.27.4' ],
155 silly audit   '@esbuild/freebsd-arm64': [ '0.27.4' ],
155 silly audit   '@esbuild/freebsd-x64': [ '0.27.4' ],
155 silly audit   '@esbuild/linux-arm': [ '0.27.4' ],
155 silly audit   '@esbuild/linux-arm64': [ '0.27.4' ],
155 silly audit   '@esbuild/linux-ia32': [ '0.27.4' ],
155 silly audit   '@esbuild/linux-loong64': [ '0.27.4' ],
155 silly audit   '@esbuild/linux-mips64el': [ '0.27.4' ],
155 silly audit   '@esbuild/linux-ppc64': [ '0.27.4' ],
155 silly audit   '@esbuild/linux-riscv64': [ '0.27.4' ],
155 silly audit   '@esbuild/linux-s390x': [ '0.27.4' ],
155 silly audit   '@esbuild/linux-x64': [ '0.27.4' ],
155 silly audit   '@esbuild/netbsd-arm64': [ '0.27.4' ],
155 silly audit   '@esbuild/netbsd-x64': [ '0.27.4' ],
155 silly audit   '@esbuild/openbsd-arm64': [ '0.27.4' ],
155 silly audit   '@esbuild/openbsd-x64': [ '0.27.4' ],
155 silly audit   '@esbuild/openharmony-arm64': [ '0.27.4' ],
155 silly audit   '@esbuild/sunos-x64': [ '0.27.4' ],
155 silly audit   '@esbuild/win32-arm64': [ '0.27.4' ],
155 silly audit   '@esbuild/win32-ia32': [ '0.27.4' ],
155 silly audit   '@esbuild/win32-x64': [ '0.27.4' ]
155 silly audit }
156 verbose reify failed optional dependency /asset-input/.npm/_npx/beb367dfa21eb3f5/node_modules/@esbuild/win32-x64
157 silly reify mark deleted [
157 silly reify   '/asset-input/.npm/_npx/beb367dfa21eb3f5/node_modules/@esbuild/win32-x64'
157 silly reify ]
158 verbose reify failed optional dependency /asset-input/.npm/_npx/beb367dfa21eb3f5/node_modules/@esbuild/win32-ia32
159 silly reify mark deleted [
159 silly reify   '/asset-input/.npm/_npx/beb367dfa21eb3f5/node_modules/@esbuild/win32-ia32'
159 silly reify ]
160 verbose reify failed optional dependency /asset-input/.npm/_npx/beb367dfa21eb3f5/node_modules/@esbuild/win32-arm64
161 silly reify mark deleted [
161 silly reify   '/asset-input/.npm/_npx/beb367dfa21eb3f5/node_modules/@esbuild/win32-arm64'
161 silly reify ]
162 verbose reify failed optional dependency /asset-input/.npm/_npx/beb367dfa21eb3f5/node_modules/@esbuild/sunos-x64
163 silly reify mark deleted [
163 silly reify   '/asset-input/.npm/_npx/beb367dfa21eb3f5/node_modules/@esbuild/sunos-x64'
163 silly reify ]
164 verbose reify failed optional dependency /asset-input/.npm/_npx/beb367dfa21eb3f5/node_modules/@esbuild/openharmony-arm64
165 silly reify mark deleted [
165 silly reify   '/asset-input/.npm/_npx/beb367dfa21eb3f5/node_modules/@esbuild/openharmony-arm64'
165 silly reify ]
166 verbose reify failed optional dependency /asset-input/.npm/_npx/beb367dfa21eb3f5/node_modules/@esbuild/openbsd-x64
167 silly reify mark deleted [
167 silly reify   '/asset-input/.npm/_npx/beb367dfa21eb3f5/node_modules/@esbuild/openbsd-x64'
167 silly reify ]
168 verbose reify failed optional dependency /asset-input/.npm/_npx/beb367dfa21eb3f5/node_modules/@esbuild/openbsd-arm64
169 silly reify mark deleted [
169 silly reify   '/asset-input/.npm/_npx/beb367dfa21eb3f5/node_modules/@esbuild/openbsd-arm64'
169 silly reify ]
170 verbose reify failed optional dependency /asset-input/.npm/_npx/beb367dfa21eb3f5/node_modules/@esbuild/netbsd-x64
171 silly reify mark deleted [
171 silly reify   '/asset-input/.npm/_npx/beb367dfa21eb3f5/node_modules/@esbuild/netbsd-x64'
171 silly reify ]
172 verbose reify failed optional dependency /asset-input/.npm/_npx/beb367dfa21eb3f5/node_modules/@esbuild/netbsd-arm64
173 silly reify mark deleted [
173 silly reify   '/asset-input/.npm/_npx/beb367dfa21eb3f5/node_modules/@esbuild/netbsd-arm64'
173 silly reify ]
174 verbose reify failed optional dependency /asset-input/.npm/_npx/beb367dfa21eb3f5/node_modules/@esbuild/linux-x64
175 silly reify mark deleted [
175 silly reify   '/asset-input/.npm/_npx/beb367dfa21eb3f5/node_modules/@esbuild/linux-x64'
175 silly reify ]
176 verbose reify failed optional dependency /asset-input/.npm/_npx/beb367dfa21eb3f5/node_modules/@esbuild/linux-s390x
177 silly reify mark deleted [
177 silly reify   '/asset-input/.npm/_npx/beb367dfa21eb3f5/node_modules/@esbuild/linux-s390x'
177 silly reify ]
178 verbose reify failed optional dependency /asset-input/.npm/_npx/beb367dfa21eb3f5/node_modules/@esbuild/linux-riscv64
179 silly reify mark deleted [
179 silly reify   '/asset-input/.npm/_npx/beb367dfa21eb3f5/node_modules/@esbuild/linux-riscv64'
179 silly reify ]
180 verbose reify failed optional dependency /asset-input/.npm/_npx/beb367dfa21eb3f5/node_modules/@esbuild/linux-ppc64
181 silly reify mark deleted [
181 silly reify   '/asset-input/.npm/_npx/beb367dfa21eb3f5/node_modules/@esbuild/linux-ppc64'
181 silly reify ]
182 verbose reify failed optional dependency /asset-input/.npm/_npx/beb367dfa21eb3f5/node_modules/@esbuild/linux-mips64el
183 silly reify mark deleted [
183 silly reify   '/asset-input/.npm/_npx/beb367dfa21eb3f5/node_modules/@esbuild/linux-mips64el'
183 silly reify ]
184 verbose reify failed optional dependency /asset-input/.npm/_npx/beb367dfa21eb3f5/node_modules/@esbuild/linux-loong64
185 silly reify mark deleted [
185 silly reify   '/asset-input/.npm/_npx/beb367dfa21eb3f5/node_modules/@esbuild/linux-loong64'
185 silly reify ]
186 verbose reify failed optional dependency /asset-input/.npm/_npx/beb367dfa21eb3f5/node_modules/@esbuild/linux-ia32
187 silly reify mark deleted [
187 silly reify   '/asset-input/.npm/_npx/beb367dfa21eb3f5/node_modules/@esbuild/linux-ia32'
187 silly reify ]
188 verbose reify failed optional dependency /asset-input/.npm/_npx/beb367dfa21eb3f5/node_modules/@esbuild/linux-arm
189 silly reify mark deleted [
189 silly reify   '/asset-input/.npm/_npx/beb367dfa21eb3f5/node_modules/@esbuild/linux-arm'
189 silly reify ]
190 verbose reify failed optional dependency /asset-input/.npm/_npx/beb367dfa21eb3f5/node_modules/@esbuild/freebsd-x64
191 silly reify mark deleted [
191 silly reify   '/asset-input/.npm/_npx/beb367dfa21eb3f5/node_modules/@esbuild/freebsd-x64'
191 silly reify ]
192 verbose reify failed optional dependency /asset-input/.npm/_npx/beb367dfa21eb3f5/node_modules/@esbuild/freebsd-arm64
193 silly reify mark deleted [
193 silly reify   '/asset-input/.npm/_npx/beb367dfa21eb3f5/node_modules/@esbuild/freebsd-arm64'
193 silly reify ]
194 verbose reify failed optional dependency /asset-input/.npm/_npx/beb367dfa21eb3f5/node_modules/@esbuild/darwin-x64
195 silly reify mark deleted [
195 silly reify   '/asset-input/.npm/_npx/beb367dfa21eb3f5/node_modules/@esbuild/darwin-x64'
195 silly reify ]
196 verbose reify failed optional dependency /asset-input/.npm/_npx/beb367dfa21eb3f5/node_modules/@esbuild/darwin-arm64
197 silly reify mark deleted [
197 silly reify   '/asset-input/.npm/_npx/beb367dfa21eb3f5/node_modules/@esbuild/darwin-arm64'
197 silly reify ]
198 verbose reify failed optional dependency /asset-input/.npm/_npx/beb367dfa21eb3f5/node_modules/@esbuild/android-x64
199 silly reify mark deleted [
199 silly reify   '/asset-input/.npm/_npx/beb367dfa21eb3f5/node_modules/@esbuild/android-x64'
199 silly reify ]
200 verbose reify failed optional dependency /asset-input/.npm/_npx/beb367dfa21eb3f5/node_modules/@esbuild/android-arm64
201 silly reify mark deleted [
201 silly reify   '/asset-input/.npm/_npx/beb367dfa21eb3f5/node_modules/@esbuild/android-arm64'
201 silly reify ]
202 verbose reify failed optional dependency /asset-input/.npm/_npx/beb367dfa21eb3f5/node_modules/@esbuild/android-arm
203 silly reify mark deleted [
203 silly reify   '/asset-input/.npm/_npx/beb367dfa21eb3f5/node_modules/@esbuild/android-arm'
203 silly reify ]
204 verbose reify failed optional dependency /asset-input/.npm/_npx/beb367dfa21eb3f5/node_modules/@esbuild/aix-ppc64
205 silly reify mark deleted [
205 silly reify   '/asset-input/.npm/_npx/beb367dfa21eb3f5/node_modules/@esbuild/aix-ppc64'
205 silly reify ]
206 silly tarball no local data for @esbuild/linux-arm64@https://registry.npmjs.org/@esbuild/linux-arm64/-/linux-arm64-0.27.4.tgz. Extracting by manifest.
207 silly tarball no local data for esbuild@https://registry.npmjs.org/esbuild/-/esbuild-0.27.4.tgz. Extracting by manifest.
208 http fetch GET 200 https://registry.npmjs.org/esbuild/-/esbuild-0.27.4.tgz 52ms (cache miss)
209 http fetch POST 200 https://registry.npmjs.org/-/npm/v1/security/advisories/bulk 231ms
210 silly audit report {}
211 http fetch GET 200 https://registry.npmjs.org/@esbuild/linux-arm64/-/linux-arm64-0.27.4.tgz 313ms (cache miss)
212 info run esbuild@0.27.4 postinstall node_modules/esbuild node install.js
213 info run esbuild@0.27.4 postinstall { code: 0, signal: null }
214 verbose cwd /asset-input
215 verbose os Linux 6.11.3-200.fc40.aarch64
216 verbose node v18.20.8
217 verbose npm  v10.8.2
218 verbose exit 0
219 info ok
