0 verbose cli /var/lang/bin/node /var/lang/lib/node_modules/npm/bin/npm-cli.js
1 info using npm@10.8.2
2 info using node@v18.20.8
3 silly config load:file:/var/lang/lib/node_modules/npm/npmrc
4 silly config load:file:/asset-input/.npmrc
5 silly config load:file:/var/lang/etc/npmrc
6 verbose title npm exec esbuild nodejs/utils.ts --bundle --platform=node --outfile=/asset-output/nodejs/utils.js
7 verbose argv "exec" "--" "esbuild" "nodejs/utils.ts" "--bundle" "--platform=node" "--outfile=/asset-output/nodejs/utils.js"
8 verbose logfile logs-max:10 dir:/asset-input/.npm/_logs/2026-03-11T18_59_56_775Z-
9 verbose logfile /asset-input/.npm/_logs/2026-03-11T18_59_56_775Z-debug-0.log
10 silly logfile done cleaning log files
11 silly packumentCache heap:1946681344 maxSize:486670336 maxEntrySize:243335168
12 http fetch GET 200 https://registry.npmjs.org/npm 262ms
13 http fetch GET 200 https://registry.npmjs.org/esbuild 244ms (cache miss)
14 silly packumentCache heap:1946681344 maxSize:486670336 maxEntrySize:243335168
15 silly packumentCache heap:1946681344 maxSize:486670336 maxEntrySize:243335168
16 warn exec The following package was not found and will be installed: esbuild@0.27.3
17 silly idealTree buildDeps
18 silly fetch manifest esbuild@0.27.3
19 silly packumentCache full:https://registry.npmjs.org/esbuild cache-miss
20 http fetch GET 200 https://registry.npmjs.org/esbuild 55ms (cache miss)
21 silly packumentCache full:https://registry.npmjs.org/esbuild set size:undefined disposed:false
22 silly placeDep ROOT esbuild@0.27.3 OK for:  want: 0.27.3
23 silly fetch manifest @esbuild/aix-ppc64@0.27.3
24 silly packumentCache full:https://registry.npmjs.org/@esbuild%2faix-ppc64 cache-miss
25 silly fetch manifest @esbuild/android-arm@0.27.3
26 silly packumentCache full:https://registry.npmjs.org/@esbuild%2fandroid-arm cache-miss
27 silly fetch manifest @esbuild/android-arm64@0.27.3
28 silly packumentCache full:https://registry.npmjs.org/@esbuild%2fandroid-arm64 cache-miss
29 silly fetch manifest @esbuild/android-x64@0.27.3
30 silly packumentCache full:https://registry.npmjs.org/@esbuild%2fandroid-x64 cache-miss
31 silly fetch manifest @esbuild/darwin-arm64@0.27.3
32 silly packumentCache full:https://registry.npmjs.org/@esbuild%2fdarwin-arm64 cache-miss
33 http fetch GET 200 https://registry.npmjs.org/@esbuild%2fandroid-arm 46ms (cache miss)
34 silly packumentCache full:https://registry.npmjs.org/@esbuild%2fandroid-arm set size:undefined disposed:false
35 silly fetch manifest @esbuild/darwin-x64@0.27.3
36 silly packumentCache full:https://registry.npmjs.org/@esbuild%2fdarwin-x64 cache-miss
37 http fetch GET 200 https://registry.npmjs.org/@esbuild%2faix-ppc64 60ms (cache miss)
38 silly packumentCache full:https://registry.npmjs.org/@esbuild%2faix-ppc64 set size:undefined disposed:false
39 silly fetch manifest @esbuild/freebsd-arm64@0.27.3
40 silly packumentCache full:https://registry.npmjs.org/@esbuild%2ffreebsd-arm64 cache-miss
41 http fetch GET 200 https://registry.npmjs.org/@esbuild%2fdarwin-x64 46ms (cache miss)
42 silly packumentCache full:https://registry.npmjs.org/@esbuild%2fdarwin-x64 set size:undefined disposed:false
43 silly fetch manifest @esbuild/freebsd-x64@0.27.3
44 silly packumentCache full:https://registry.npmjs.org/@esbuild%2ffreebsd-x64 cache-miss
45 http fetch GET 200 https://registry.npmjs.org/@esbuild%2fandroid-x64 101ms (cache miss)
46 silly packumentCache full:https://registry.npmjs.org/@esbuild%2fandroid-x64 set size:undefined disposed:false
47 silly fetch manifest @esbuild/linux-arm@0.27.3
48 silly packumentCache full:https://registry.npmjs.org/@esbuild%2flinux-arm cache-miss
49 http fetch GET 200 https://registry.npmjs.org/@esbuild%2fandroid-arm64 120ms (cache miss)
50 silly packumentCache full:https://registry.npmjs.org/@esbuild%2fandroid-arm64 set size:undefined disposed:false
51 silly fetch manifest @esbuild/linux-arm64@0.27.3
52 silly packumentCache full:https://registry.npmjs.org/@esbuild%2flinux-arm64 cache-miss
53 http fetch GET 200 https://registry.npmjs.org/@esbuild%2ffreebsd-arm64 72ms (cache miss)
54 silly packumentCache full:https://registry.npmjs.org/@esbuild%2ffreebsd-arm64 set size:undefined disposed:false
55 silly fetch manifest @esbuild/linux-ia32@0.27.3
56 silly packumentCache full:https://registry.npmjs.org/@esbuild%2flinux-ia32 cache-miss
57 http fetch GET 200 https://registry.npmjs.org/@esbuild%2ffreebsd-x64 51ms (cache miss)
58 silly packumentCache full:https://registry.npmjs.org/@esbuild%2ffreebsd-x64 set size:undefined disposed:false
59 silly fetch manifest @esbuild/linux-loong64@0.27.3
60 silly packumentCache full:https://registry.npmjs.org/@esbuild%2flinux-loong64 cache-miss
61 http fetch GET 200 https://registry.npmjs.org/@esbuild%2flinux-arm 47ms (cache miss)
62 silly packumentCache full:https://registry.npmjs.org/@esbuild%2flinux-arm set size:undefined disposed:false
63 silly fetch manifest @esbuild/linux-mips64el@0.27.3
64 silly packumentCache full:https://registry.npmjs.org/@esbuild%2flinux-mips64el cache-miss
65 http fetch GET 200 https://registry.npmjs.org/@esbuild%2flinux-arm64 51ms (cache miss)
66 silly packumentCache full:https://registry.npmjs.org/@esbuild%2flinux-arm64 set size:undefined disposed:false
67 silly fetch manifest @esbuild/linux-ppc64@0.27.3
68 silly packumentCache full:https://registry.npmjs.org/@esbuild%2flinux-ppc64 cache-miss
69 http fetch GET 200 https://registry.npmjs.org/@esbuild%2flinux-mips64el 43ms (cache miss)
70 silly packumentCache full:https://registry.npmjs.org/@esbuild%2flinux-mips64el set size:undefined disposed:false
71 silly fetch manifest @esbuild/linux-riscv64@0.27.3
72 silly packumentCache full:https://registry.npmjs.org/@esbuild%2flinux-riscv64 cache-miss
73 http fetch GET 200 https://registry.npmjs.org/@esbuild%2flinux-ia32 65ms (cache miss)
74 silly packumentCache full:https://registry.npmjs.org/@esbuild%2flinux-ia32 set size:undefined disposed:false
75 silly fetch manifest @esbuild/linux-s390x@0.27.3
76 silly packumentCache full:https://registry.npmjs.org/@esbuild%2flinux-s390x cache-miss
77 http fetch GET 200 https://registry.npmjs.org/@esbuild%2flinux-loong64 56ms (cache miss)
78 silly packumentCache full:https://registry.npmjs.org/@esbuild%2flinux-loong64 set size:undefined disposed:false
79 silly fetch manifest @esbuild/linux-x64@0.27.3
80 silly packumentCache full:https://registry.npmjs.org/@esbuild%2flinux-x64 cache-miss
81 http fetch GET 200 https://registry.npmjs.org/@esbuild%2flinux-ppc64 117ms (cache miss)
82 silly packumentCache full:https://registry.npmjs.org/@esbuild%2flinux-ppc64 set size:undefined disposed:false
83 silly fetch manifest @esbuild/netbsd-arm64@0.27.3
84 silly packumentCache full:https://registry.npmjs.org/@esbuild%2fnetbsd-arm64 cache-miss
85 http fetch GET 200 https://registry.npmjs.org/@esbuild%2fdarwin-arm64 295ms (cache miss)
86 silly packumentCache full:https://registry.npmjs.org/@esbuild%2fdarwin-arm64 set size:undefined disposed:false
87 silly fetch manifest @esbuild/netbsd-x64@0.27.3
88 silly packumentCache full:https://registry.npmjs.org/@esbuild%2fnetbsd-x64 cache-miss
89 http fetch GET 200 https://registry.npmjs.org/@esbuild%2flinux-riscv64 135ms (cache miss)
90 silly packumentCache full:https://registry.npmjs.org/@esbuild%2flinux-riscv64 set size:undefined disposed:false
91 silly fetch manifest @esbuild/openbsd-arm64@0.27.3
92 silly packumentCache full:https://registry.npmjs.org/@esbuild%2fopenbsd-arm64 cache-miss
93 http fetch GET 200 https://registry.npmjs.org/@esbuild%2flinux-x64 126ms (cache miss)
94 silly packumentCache full:https://registry.npmjs.org/@esbuild%2flinux-x64 set size:undefined disposed:false
95 silly fetch manifest @esbuild/openbsd-x64@0.27.3
96 silly packumentCache full:https://registry.npmjs.org/@esbuild%2fopenbsd-x64 cache-miss
97 http fetch GET 200 https://registry.npmjs.org/@esbuild%2flinux-s390x 138ms (cache miss)
98 silly packumentCache full:https://registry.npmjs.org/@esbuild%2flinux-s390x set size:undefined disposed:false
99 silly fetch manifest @esbuild/openharmony-arm64@0.27.3
100 silly packumentCache full:https://registry.npmjs.org/@esbuild%2fopenharmony-arm64 cache-miss
101 http fetch GET 200 https://registry.npmjs.org/@esbuild%2fnetbsd-arm64 49ms (cache miss)
102 silly packumentCache full:https://registry.npmjs.org/@esbuild%2fnetbsd-arm64 set size:undefined disposed:false
103 silly fetch manifest @esbuild/sunos-x64@0.27.3
104 silly packumentCache full:https://registry.npmjs.org/@esbuild%2fsunos-x64 cache-miss
105 http fetch GET 200 https://registry.npmjs.org/@esbuild%2fnetbsd-x64 53ms (cache miss)
106 silly packumentCache full:https://registry.npmjs.org/@esbuild%2fnetbsd-x64 set size:undefined disposed:false
107 silly fetch manifest @esbuild/win32-arm64@0.27.3
108 silly packumentCache full:https://registry.npmjs.org/@esbuild%2fwin32-arm64 cache-miss
109 http fetch GET 200 https://registry.npmjs.org/@esbuild%2fopenbsd-arm64 46ms (cache miss)
110 silly packumentCache full:https://registry.npmjs.org/@esbuild%2fopenbsd-arm64 set size:undefined disposed:false
111 silly fetch manifest @esbuild/win32-ia32@0.27.3
112 silly packumentCache full:https://registry.npmjs.org/@esbuild%2fwin32-ia32 cache-miss
113 http fetch GET 200 https://registry.npmjs.org/@esbuild%2fopenbsd-x64 50ms (cache miss)
114 silly packumentCache full:https://registry.npmjs.org/@esbuild%2fopenbsd-x64 set size:undefined disposed:false
115 silly fetch manifest @esbuild/win32-x64@0.27.3
116 silly packumentCache full:https://registry.npmjs.org/@esbuild%2fwin32-x64 cache-miss
117 http fetch GET 200 https://registry.npmjs.org/@esbuild%2fopenharmony-arm64 47ms (cache miss)
118 silly packumentCache full:https://registry.npmjs.org/@esbuild%2fopenharmony-arm64 set size:undefined disposed:false
119 http fetch GET 200 https://registry.npmjs.org/@esbuild%2fsunos-x64 47ms (cache miss)
120 silly packumentCache full:https://registry.npmjs.org/@esbuild%2fsunos-x64 set size:undefined disposed:false
121 http fetch GET 200 https://registry.npmjs.org/@esbuild%2fwin32-arm64 47ms (cache miss)
122 silly packumentCache full:https://registry.npmjs.org/@esbuild%2fwin32-arm64 set size:undefined disposed:false
123 http fetch GET 200 https://registry.npmjs.org/@esbuild%2fwin32-ia32 48ms (cache miss)
124 silly packumentCache full:https://registry.npmjs.org/@esbuild%2fwin32-ia32 set size:undefined disposed:false
125 http fetch GET 200 https://registry.npmjs.org/@esbuild%2fwin32-x64 44ms (cache miss)
126 silly packumentCache full:https://registry.npmjs.org/@esbuild%2fwin32-x64 set size:undefined disposed:false
127 silly placeDep ROOT @esbuild/aix-ppc64@0.27.3 OK for: esbuild@0.27.3 want: 0.27.3
128 silly placeDep ROOT @esbuild/android-arm@0.27.3 OK for: esbuild@0.27.3 want: 0.27.3
129 silly placeDep ROOT @esbuild/android-arm64@0.27.3 OK for: esbuild@0.27.3 want: 0.27.3
130 silly placeDep ROOT @esbuild/android-x64@0.27.3 OK for: esbuild@0.27.3 want: 0.27.3
131 silly placeDep ROOT @esbuild/darwin-arm64@0.27.3 OK for: esbuild@0.27.3 want: 0.27.3
132 silly placeDep ROOT @esbuild/darwin-x64@0.27.3 OK for: esbuild@0.27.3 want: 0.27.3
133 silly placeDep ROOT @esbuild/freebsd-arm64@0.27.3 OK for: esbuild@0.27.3 want: 0.27.3
134 silly placeDep ROOT @esbuild/freebsd-x64@0.27.3 OK for: esbuild@0.27.3 want: 0.27.3
135 silly placeDep ROOT @esbuild/linux-arm@0.27.3 OK for: esbuild@0.27.3 want: 0.27.3
136 silly placeDep ROOT @esbuild/linux-arm64@0.27.3 OK for: esbuild@0.27.3 want: 0.27.3
137 silly placeDep ROOT @esbuild/linux-ia32@0.27.3 OK for: esbuild@0.27.3 want: 0.27.3
138 silly placeDep ROOT @esbuild/linux-loong64@0.27.3 OK for: esbuild@0.27.3 want: 0.27.3
139 silly placeDep ROOT @esbuild/linux-mips64el@0.27.3 OK for: esbuild@0.27.3 want: 0.27.3
140 silly placeDep ROOT @esbuild/linux-ppc64@0.27.3 OK for: esbuild@0.27.3 want: 0.27.3
141 silly placeDep ROOT @esbuild/linux-riscv64@0.27.3 OK for: esbuild@0.27.3 want: 0.27.3
142 silly placeDep ROOT @esbuild/linux-s390x@0.27.3 OK for: esbuild@0.27.3 want: 0.27.3
143 silly placeDep ROOT @esbuild/linux-x64@0.27.3 OK for: esbuild@0.27.3 want: 0.27.3
144 silly placeDep ROOT @esbuild/netbsd-arm64@0.27.3 OK for: esbuild@0.27.3 want: 0.27.3
145 silly placeDep ROOT @esbuild/netbsd-x64@0.27.3 OK for: esbuild@0.27.3 want: 0.27.3
146 silly placeDep ROOT @esbuild/openbsd-arm64@0.27.3 OK for: esbuild@0.27.3 want: 0.27.3
147 silly placeDep ROOT @esbuild/openbsd-x64@0.27.3 OK for: esbuild@0.27.3 want: 0.27.3
148 silly placeDep ROOT @esbuild/openharmony-arm64@0.27.3 OK for: esbuild@0.27.3 want: 0.27.3
149 silly placeDep ROOT @esbuild/sunos-x64@0.27.3 OK for: esbuild@0.27.3 want: 0.27.3
150 silly placeDep ROOT @esbuild/win32-arm64@0.27.3 OK for: esbuild@0.27.3 want: 0.27.3
151 silly placeDep ROOT @esbuild/win32-ia32@0.27.3 OK for: esbuild@0.27.3 want: 0.27.3
152 silly placeDep ROOT @esbuild/win32-x64@0.27.3 OK for: esbuild@0.27.3 want: 0.27.3
153 silly reify moves {}
154 silly audit bulk request {
154 silly audit   esbuild: [ '0.27.3' ],
154 silly audit   '@esbuild/aix-ppc64': [ '0.27.3' ],
154 silly audit   '@esbuild/android-arm': [ '0.27.3' ],
154 silly audit   '@esbuild/android-arm64': [ '0.27.3' ],
154 silly audit   '@esbuild/android-x64': [ '0.27.3' ],
154 silly audit   '@esbuild/darwin-arm64': [ '0.27.3' ],
154 silly audit   '@esbuild/darwin-x64': [ '0.27.3' ],
154 silly audit   '@esbuild/freebsd-arm64': [ '0.27.3' ],
154 silly audit   '@esbuild/freebsd-x64': [ '0.27.3' ],
154 silly audit   '@esbuild/linux-arm': [ '0.27.3' ],
154 silly audit   '@esbuild/linux-arm64': [ '0.27.3' ],
154 silly audit   '@esbuild/linux-ia32': [ '0.27.3' ],
154 silly audit   '@esbuild/linux-loong64': [ '0.27.3' ],
154 silly audit   '@esbuild/linux-mips64el': [ '0.27.3' ],
154 silly audit   '@esbuild/linux-ppc64': [ '0.27.3' ],
154 silly audit   '@esbuild/linux-riscv64': [ '0.27.3' ],
154 silly audit   '@esbuild/linux-s390x': [ '0.27.3' ],
154 silly audit   '@esbuild/linux-x64': [ '0.27.3' ],
154 silly audit   '@esbuild/netbsd-arm64': [ '0.27.3' ],
154 silly audit   '@esbuild/netbsd-x64': [ '0.27.3' ],
154 silly audit   '@esbuild/openbsd-arm64': [ '0.27.3' ],
154 silly audit   '@esbuild/openbsd-x64': [ '0.27.3' ],
154 silly audit   '@esbuild/openharmony-arm64': [ '0.27.3' ],
154 silly audit   '@esbuild/sunos-x64': [ '0.27.3' ],
154 silly audit   '@esbuild/win32-arm64': [ '0.27.3' ],
154 silly audit   '@esbuild/win32-ia32': [ '0.27.3' ],
154 silly audit   '@esbuild/win32-x64': [ '0.27.3' ]
154 silly audit }
155 verbose reify failed optional dependency /asset-input/.npm/_npx/beb367dfa21eb3f5/node_modules/@esbuild/win32-x64
156 silly reify mark deleted [
156 silly reify   '/asset-input/.npm/_npx/beb367dfa21eb3f5/node_modules/@esbuild/win32-x64'
156 silly reify ]
157 verbose reify failed optional dependency /asset-input/.npm/_npx/beb367dfa21eb3f5/node_modules/@esbuild/win32-ia32
158 silly reify mark deleted [
158 silly reify   '/asset-input/.npm/_npx/beb367dfa21eb3f5/node_modules/@esbuild/win32-ia32'
158 silly reify ]
159 verbose reify failed optional dependency /asset-input/.npm/_npx/beb367dfa21eb3f5/node_modules/@esbuild/win32-arm64
160 silly reify mark deleted [
160 silly reify   '/asset-input/.npm/_npx/beb367dfa21eb3f5/node_modules/@esbuild/win32-arm64'
160 silly reify ]
161 verbose reify failed optional dependency /asset-input/.npm/_npx/beb367dfa21eb3f5/node_modules/@esbuild/sunos-x64
162 silly reify mark deleted [
162 silly reify   '/asset-input/.npm/_npx/beb367dfa21eb3f5/node_modules/@esbuild/sunos-x64'
162 silly reify ]
163 verbose reify failed optional dependency /asset-input/.npm/_npx/beb367dfa21eb3f5/node_modules/@esbuild/openharmony-arm64
164 silly reify mark deleted [
164 silly reify   '/asset-input/.npm/_npx/beb367dfa21eb3f5/node_modules/@esbuild/openharmony-arm64'
164 silly reify ]
165 verbose reify failed optional dependency /asset-input/.npm/_npx/beb367dfa21eb3f5/node_modules/@esbuild/openbsd-x64
166 silly reify mark deleted [
166 silly reify   '/asset-input/.npm/_npx/beb367dfa21eb3f5/node_modules/@esbuild/openbsd-x64'
166 silly reify ]
167 verbose reify failed optional dependency /asset-input/.npm/_npx/beb367dfa21eb3f5/node_modules/@esbuild/openbsd-arm64
168 silly reify mark deleted [
168 silly reify   '/asset-input/.npm/_npx/beb367dfa21eb3f5/node_modules/@esbuild/openbsd-arm64'
168 silly reify ]
169 verbose reify failed optional dependency /asset-input/.npm/_npx/beb367dfa21eb3f5/node_modules/@esbuild/netbsd-x64
170 silly reify mark deleted [
170 silly reify   '/asset-input/.npm/_npx/beb367dfa21eb3f5/node_modules/@esbuild/netbsd-x64'
170 silly reify ]
171 verbose reify failed optional dependency /asset-input/.npm/_npx/beb367dfa21eb3f5/node_modules/@esbuild/netbsd-arm64
172 silly reify mark deleted [
172 silly reify   '/asset-input/.npm/_npx/beb367dfa21eb3f5/node_modules/@esbuild/netbsd-arm64'
172 silly reify ]
173 verbose reify failed optional dependency /asset-input/.npm/_npx/beb367dfa21eb3f5/node_modules/@esbuild/linux-x64
174 silly reify mark deleted [
174 silly reify   '/asset-input/.npm/_npx/beb367dfa21eb3f5/node_modules/@esbuild/linux-x64'
174 silly reify ]
175 verbose reify failed optional dependency /asset-input/.npm/_npx/beb367dfa21eb3f5/node_modules/@esbuild/linux-s390x
176 silly reify mark deleted [
176 silly reify   '/asset-input/.npm/_npx/beb367dfa21eb3f5/node_modules/@esbuild/linux-s390x'
176 silly reify ]
177 verbose reify failed optional dependency /asset-input/.npm/_npx/beb367dfa21eb3f5/node_modules/@esbuild/linux-riscv64
178 silly reify mark deleted [
178 silly reify   '/asset-input/.npm/_npx/beb367dfa21eb3f5/node_modules/@esbuild/linux-riscv64'
178 silly reify ]
179 verbose reify failed optional dependency /asset-input/.npm/_npx/beb367dfa21eb3f5/node_modules/@esbuild/linux-ppc64
180 silly reify mark deleted [
180 silly reify   '/asset-input/.npm/_npx/beb367dfa21eb3f5/node_modules/@esbuild/linux-ppc64'
180 silly reify ]
181 verbose reify failed optional dependency /asset-input/.npm/_npx/beb367dfa21eb3f5/node_modules/@esbuild/linux-mips64el
182 silly reify mark deleted [
182 silly reify   '/asset-input/.npm/_npx/beb367dfa21eb3f5/node_modules/@esbuild/linux-mips64el'
182 silly reify ]
183 verbose reify failed optional dependency /asset-input/.npm/_npx/beb367dfa21eb3f5/node_modules/@esbuild/linux-loong64
184 silly reify mark deleted [
184 silly reify   '/asset-input/.npm/_npx/beb367dfa21eb3f5/node_modules/@esbuild/linux-loong64'
184 silly reify ]
185 verbose reify failed optional dependency /asset-input/.npm/_npx/beb367dfa21eb3f5/node_modules/@esbuild/linux-ia32
186 silly reify mark deleted [
186 silly reify   '/asset-input/.npm/_npx/beb367dfa21eb3f5/node_modules/@esbuild/linux-ia32'
186 silly reify ]
187 verbose reify failed optional dependency /asset-input/.npm/_npx/beb367dfa21eb3f5/node_modules/@esbuild/linux-arm
188 silly reify mark deleted [
188 silly reify   '/asset-input/.npm/_npx/beb367dfa21eb3f5/node_modules/@esbuild/linux-arm'
188 silly reify ]
189 verbose reify failed optional dependency /asset-input/.npm/_npx/beb367dfa21eb3f5/node_modules/@esbuild/freebsd-x64
190 silly reify mark deleted [
190 silly reify   '/asset-input/.npm/_npx/beb367dfa21eb3f5/node_modules/@esbuild/freebsd-x64'
190 silly reify ]
191 verbose reify failed optional dependency /asset-input/.npm/_npx/beb367dfa21eb3f5/node_modules/@esbuild/freebsd-arm64
192 silly reify mark deleted [
192 silly reify   '/asset-input/.npm/_npx/beb367dfa21eb3f5/node_modules/@esbuild/freebsd-arm64'
192 silly reify ]
193 verbose reify failed optional dependency /asset-input/.npm/_npx/beb367dfa21eb3f5/node_modules/@esbuild/darwin-x64
194 silly reify mark deleted [
194 silly reify   '/asset-input/.npm/_npx/beb367dfa21eb3f5/node_modules/@esbuild/darwin-x64'
194 silly reify ]
195 verbose reify failed optional dependency /asset-input/.npm/_npx/beb367dfa21eb3f5/node_modules/@esbuild/darwin-arm64
196 silly reify mark deleted [
196 silly reify   '/asset-input/.npm/_npx/beb367dfa21eb3f5/node_modules/@esbuild/darwin-arm64'
196 silly reify ]
197 verbose reify failed optional dependency /asset-input/.npm/_npx/beb367dfa21eb3f5/node_modules/@esbuild/android-x64
198 silly reify mark deleted [
198 silly reify   '/asset-input/.npm/_npx/beb367dfa21eb3f5/node_modules/@esbuild/android-x64'
198 silly reify ]
199 verbose reify failed optional dependency /asset-input/.npm/_npx/beb367dfa21eb3f5/node_modules/@esbuild/android-arm64
200 silly reify mark deleted [
200 silly reify   '/asset-input/.npm/_npx/beb367dfa21eb3f5/node_modules/@esbuild/android-arm64'
200 silly reify ]
201 verbose reify failed optional dependency /asset-input/.npm/_npx/beb367dfa21eb3f5/node_modules/@esbuild/android-arm
202 silly reify mark deleted [
202 silly reify   '/asset-input/.npm/_npx/beb367dfa21eb3f5/node_modules/@esbuild/android-arm'
202 silly reify ]
203 verbose reify failed optional dependency /asset-input/.npm/_npx/beb367dfa21eb3f5/node_modules/@esbuild/aix-ppc64
204 silly reify mark deleted [
204 silly reify   '/asset-input/.npm/_npx/beb367dfa21eb3f5/node_modules/@esbuild/aix-ppc64'
204 silly reify ]
205 silly tarball no local data for esbuild@https://registry.npmjs.org/esbuild/-/esbuild-0.27.3.tgz. Extracting by manifest.
206 silly tarball no local data for @esbuild/linux-arm64@https://registry.npmjs.org/@esbuild/linux-arm64/-/linux-arm64-0.27.3.tgz. Extracting by manifest.
207 http fetch GET 200 https://registry.npmjs.org/esbuild/-/esbuild-0.27.3.tgz 38ms (cache miss)
208 http fetch POST 200 https://registry.npmjs.org/-/npm/v1/security/advisories/bulk 177ms
209 silly audit report {}
210 http fetch GET 200 https://registry.npmjs.org/@esbuild/linux-arm64/-/linux-arm64-0.27.3.tgz 216ms (cache miss)
211 info run esbuild@0.27.3 postinstall node_modules/esbuild node install.js
212 info run esbuild@0.27.3 postinstall { code: 0, signal: null }
213 verbose cwd /asset-input
214 verbose os Linux 6.11.3-200.fc40.aarch64
215 verbose node v18.20.8
216 verbose npm  v10.8.2
217 notice
217 notice New major version of npm available! 10.8.2 -> 11.11.0
217 notice Changelog: https://github.com/npm/cli/releases/tag/v11.11.0
217 notice To update run: npm install -g npm@11.11.0
217 notice  { force: true, [Symbol(proc-log.meta)]: true }
218 verbose exit 0
219 info ok
